Error 2021-01-02 16:21:10: Jupyter Extension (Error in Failed to update settings.json, method:fixSettingsFile): [EntryNotFound (FileSystemError): Unable to read file '/home/jhonny/.config/Code/User/settings.json' (EntryNotFound (FileSystemError): Error: ENOENT: no such file or directory, open '/home/jhonny/.config/Code/User/settings.json')
	at _handleError (/opt/visual-studio-code/resources/app/out/vs/workbench/services/extensions/node/extensionHostProcess.js:745:473)
	at processTicksAndRejections (internal/process/task_queues.js:94:5)
	at async m.readFile (/home/jhonny/.vscode/extensions/ms-toolsai.jupyter-2020.12.414227025/out/client/extension.js:49:832552)
	at async g.fixSettingsFile (/home/jhonny/.vscode/extensions/ms-toolsai.jupyter-2020.12.414227025/out/client/extension.js:47:288845)
	at async Promise.all (index 0)
	at async g.updateSettings (/home/jhonny/.vscode/extensions/ms-toolsai.jupyter-2020.12.414227025/out/client/extension.js:47:290565)] {
  code: 'FileNotFound',
  name: 'EntryNotFound (FileSystemError)'
}
Error 2021-01-02 16:21:10: Jupyter Extension (Error in Failed to update settings.json, method:fixSettingsFile): [EntryNotFound (FileSystemError): Unable to read file '/home/jhonny/Documentos/Cursos/Python/.vscode/settings.json' (EntryNotFound (FileSystemError): Error: ENOENT: no such file or directory, open '/home/jhonny/Documentos/Cursos/Python/.vscode/settings.json')
	at _handleError (/opt/visual-studio-code/resources/app/out/vs/workbench/services/extensions/node/extensionHostProcess.js:745:473)
	at processTicksAndRejections (internal/process/task_queues.js:94:5)
	at async m.readFile (/home/jhonny/.vscode/extensions/ms-toolsai.jupyter-2020.12.414227025/out/client/extension.js:49:832552)
	at async g.fixSettingsFile (/home/jhonny/.vscode/extensions/ms-toolsai.jupyter-2020.12.414227025/out/client/extension.js:47:288845)
	at async Promise.all (index 1)
	at async g.updateSettings (/home/jhonny/.vscode/extensions/ms-toolsai.jupyter-2020.12.414227025/out/client/extension.js:47:290565)] {
  code: 'FileNotFound',
  name: 'EntryNotFound (FileSystemError)'
}
> /usr/bin/python ~/.vscode/extensions/ms-toolsai.jupyter-2020.12.414227025/pythonFiles/pyvsc-run-isolated.py -c "import jupyter"
> /usr/bin/python ~/.vscode/extensions/ms-toolsai.jupyter-2020.12.414227025/pythonFiles/pyvsc-run-isolated.py -c "import jupyter"
> /usr/bin/python ~/.vscode/extensions/ms-toolsai.jupyter-2020.12.414227025/pythonFiles/pyvsc-run-isolated.py -c "import notebook"
> /usr/bin/python ~/.vscode/extensions/ms-toolsai.jupyter-2020.12.414227025/pythonFiles/pyvsc-run-isolated.py -c "import notebook"
