[2021-01-02 15:40:41.958] [sharedprocess] [info] main {"machineId":"cdaba1bfd56525627d8ba4fdcc5a89a3fc92f23b9ba89d65ec56ba9b54020497","windowId":2}
[2021-01-02 15:40:42.048] [sharedprocess] [error] [File Watcher (node.js)] Error: ENOENT: no such file or directory, stat '/home/jhonny/.config/Code/User/snippets'
[2021-01-02 15:40:56.455] [sharedprocess] [info] Installing extension: dbaeumer.vscode-eslint
[2021-01-02 15:40:58.566] [sharedprocess] [info] Downloaded extension: dbaeumer.vscode-eslint undefined
[2021-01-02 15:40:58.600] [sharedprocess] [info] Extracted extension to /home/jhonny/.vscode/extensions/.dbaeumer.vscode-eslint-2.1.14: dbaeumer.vscode-eslint
[2021-01-02 15:40:58.600] [sharedprocess] [info] Renamed to /home/jhonny/.vscode/extensions/dbaeumer.vscode-eslint-2.1.14
[2021-01-02 15:40:58.601] [sharedprocess] [info] Installation completed. dbaeumer.vscode-eslint
[2021-01-02 15:40:58.644] [sharedprocess] [info] Extensions installed successfully: dbaeumer.vscode-eslint
[2021-01-02 15:41:04.896] [sharedprocess] [info] Installing extension: ms-python.python
[2021-01-02 15:41:21.978] [sharedprocess] [info] Starting to clean up unused language packs.
[2021-01-02 15:42:01.661] [sharedprocess] [info] Downloaded extension: ms-python.python undefined
[2021-01-02 15:42:03.570] [sharedprocess] [info] Extracted extension to /home/jhonny/.vscode/extensions/.ms-python.python-2020.12.424452561: ms-python.python
[2021-01-02 15:42:03.570] [sharedprocess] [info] Renamed to /home/jhonny/.vscode/extensions/ms-python.python-2020.12.424452561
[2021-01-02 15:42:03.572] [sharedprocess] [info] Installation completed. ms-python.python
[2021-01-02 15:42:04.406] [sharedprocess] [info] Installing extension: ms-toolsai.jupyter
[2021-01-02 15:43:16.686] [sharedprocess] [info] Downloaded extension: ms-toolsai.jupyter undefined
[2021-01-02 15:43:17.549] [sharedprocess] [info] Extracted extension to /home/jhonny/.vscode/extensions/.ms-toolsai.jupyter-2020.12.414227025: ms-toolsai.jupyter
[2021-01-02 15:43:17.549] [sharedprocess] [info] Renamed to /home/jhonny/.vscode/extensions/ms-toolsai.jupyter-2020.12.414227025
[2021-01-02 15:43:17.553] [sharedprocess] [info] Installation completed. ms-toolsai.jupyter
[2021-01-02 15:43:17.631] [sharedprocess] [info] Extensions installed successfully: ms-toolsai.jupyter
[2021-01-02 15:43:17.634] [sharedprocess] [info] Extensions installed successfully: ms-python.python
