[INFO 17:18:01.369] autoDocstring was activated
[INFO 17:18:27.702] Generating Docstring at line: 26
[INFO 17:18:27.713] Docstring generated:
    """${1:[summary]}
    """
[INFO 17:18:27.713] Inserting at position: 26 0
[INFO 17:18:27.739] Successfully inserted docstring
[INFO 17:18:30.528] Generating Docstring at line: 26
[INFO 17:18:30.529] Docstring generated:
    """${1:[summary]}
    """
[INFO 17:18:30.529] Inserting at position: 26 0
[INFO 17:18:30.544] Successfully inserted docstring
[INFO 17:18:30.893] Generating Docstring at line: 26
[INFO 17:18:30.895] Docstring generated:
    """${1:[summary]}
    """
[INFO 17:18:30.895] Inserting at position: 26 0
[INFO 17:18:30.914] Successfully inserted docstring
[INFO 17:18:31.125] Generating Docstring at line: 26
[INFO 17:18:31.126] Docstring generated:
    """${1:[summary]}
    """
[INFO 17:18:31.126] Inserting at position: 26 0
[INFO 17:18:31.147] Successfully inserted docstring
[INFO 17:18:31.300] Generating Docstring at line: 26
[INFO 17:18:31.301] Docstring generated:
    """${1:[summary]}
    """
[INFO 17:18:31.302] Inserting at position: 26 0
[INFO 17:18:31.320] Successfully inserted docstring
